# JRE version: OpenJDK Runtime Environment (17.0.6) (build 17.0.6+0-b2043.56-9586694)
# Java VM: OpenJDK 64-Bit Server VM (17.0.6+0-b2043.56-9586694, mixed mode, tiered, compressed oops, compressed class ptrs, g1 gc, windows-amd64)
GC Precious Log:
 CPUs: 8 total, 8 available
 Memory: 7888M
 Large Page Support: Disabled
 NUMA Support: Disabled
 Compressed Oops: Enabled (32-bit)
 Heap Region Size: 1M
 Heap Min Capacity: 8M
 Heap Initial Capacity: 124M
 Heap Max Capacity: 2G
 Pre-touch: Disabled
 Parallel Workers: 8
 Concurrent Workers: 2
 Concurrent Refinement Workers: 8
 Periodic GC: Disabled
Heap:
 garbage-first heap   total 307200K, used 149016K [0x0000000080000000, 0x0000000100000000)
  region size 1024K, 2 young (2048K), 2 survivors (2048K)
 Metaspace       used 121912K, committed 122752K, reserved 1163264K
  class space    used 15785K, committed 16192K, reserved 1048576K
GC Heap History (20 events):
Event: 20.275 GC heap after
{Heap after GC invocations=41 (full 0):
 garbage-first heap   total 233472K, used 131728K [0x0000000080000000, 0x0000000100000000)
  region size 1024K, 5 young (5120K), 5 survivors (5120K)
 Metaspace       used 114578K, committed 115328K, reserved 1155072K
  class space    used 15076K, committed 15424K, reserved 1048576K
}
Event: 20.970 GC heap before
{Heap before GC invocations=42 (full 0):
 garbage-first heap   total 233472K, used 190096K [0x0000000080000000, 0x0000000100000000)
  region size 1024K, 61 young (62464K), 5 survivors (5120K)
 Metaspace       used 117509K, committed 118336K, reserved 1155072K
  class space    used 15361K, committed 15744K, reserved 1048576K
}
Event: 20.979 GC heap after
{Heap after GC invocations=43 (full 0):
 garbage-first heap   total 233472K, used 147404K [0x0000000080000000, 0x0000000100000000)
  region size 1024K, 8 young (8192K), 8 survivors (8192K)
 Metaspace       used 117509K, committed 118336K, reserved 1155072K
  class space    used 15361K, committed 15744K, reserved 1048576K
}
Event: 21.008 GC heap before
{Heap before GC invocations=43 (full 0):
 garbage-first heap   total 233472K, used 150476K [0x0000000080000000, 0x0000000100000000)
  region size 1024K, 11 young (11264K), 8 survivors (8192K)
 Metaspace       used 117561K, committed 118400K, reserved 1155072K
  class space    used 15366K, committed 15744K, reserved 1048576K
}
Event: 21.018 GC heap after
{Heap after GC invocations=44 (full 0):
 garbage-first heap   total 233472K, used 142054K [0x0000000080000000, 0x0000000100000000)
  region size 1024K, 2 young (2048K), 2 survivors (2048K)
 Metaspace       used 117561K, committed 118400K, reserved 1155072K
  class space    used 15366K, committed 15744K, reserved 1048576K
}
Event: 21.529 GC heap before
{Heap before GC invocations=44 (full 0):
 garbage-first heap   total 233472K, used 187110K [0x0000000080000000, 0x0000000100000000)
  region size 1024K, 46 young (47104K), 2 survivors (2048K)
 Metaspace       used 119668K, committed 120448K, reserved 1155072K
  class space    used 15571K, committed 15936K, reserved 1048576K
}
Event: 21.536 GC heap after
{Heap after GC invocations=45 (full 0):
 garbage-first heap   total 233472K, used 145821K [0x0000000080000000, 0x0000000100000000)
  region size 1024K, 5 young (5120K), 5 survivors (5120K)
 Metaspace       used 119668K, committed 120448K, reserved 1155072K
  class space    used 15571K, committed 15936K, reserved 1048576K
}
Event: 57.275 GC heap before
{Heap before GC invocations=46 (full 0):
 garbage-first heap   total 254976K, used 188829K [0x0000000080000000, 0x0000000100000000)
  region size 1024K, 47 young (48128K), 5 survivors (5120K)
 Metaspace       used 120060K, committed 120896K, reserved 1155072K
  class space    used 15596K, committed 16000K, reserved 1048576K
}
Event: 57.283 GC heap after
{Heap after GC invocations=47 (full 0):
 garbage-first heap   total 254976K, used 150221K [0x0000000080000000, 0x0000000100000000)
  region size 1024K, 6 young (6144K), 6 survivors (6144K)
 Metaspace       used 120060K, committed 120896K, reserved 1155072K
  class space    used 15596K, committed 16000K, reserved 1048576K
}
Event: 57.366 GC heap before
{Heap before GC invocations=47 (full 0):
 garbage-first heap   total 254976K, used 155341K [0x0000000080000000, 0x0000000100000000)
  region size 1024K, 12 young (12288K), 6 survivors (6144K)
 Metaspace       used 120071K, committed 120896K, reserved 1155072K
  class space    used 15596K, committed 16000K, reserved 1048576K
}
Event: 57.377 GC heap after
{Heap after GC invocations=48 (full 0):
 garbage-first heap   total 254976K, used 144390K [0x0000000080000000, 0x0000000100000000)
  region size 1024K, 2 young (2048K), 2 survivors (2048K)
 Metaspace       used 120071K, committed 120896K, reserved 1155072K
  class space    used 15596K, committed 16000K, reserved 1048576K
}
Event: 57.940 GC heap before
{Heap before GC invocations=48 (full 0):
 garbage-first heap   total 254976K, used 205830K [0x0000000080000000, 0x0000000100000000)
  region size 1024K, 61 young (62464K), 2 survivors (2048K)
 Metaspace       used 120179K, committed 120960K, reserved 1155072K
  class space    used 15598K, committed 16000K, reserved 1048576K
}
Event: 57.946 GC heap after
{Heap after GC invocations=49 (full 0):
 garbage-first heap   total 254976K, used 159744K [0x0000000080000000, 0x0000000100000000)
  region size 1024K, 8 young (8192K), 8 survivors (8192K)
 Metaspace       used 120179K, committed 120960K, reserved 1155072K
  class space    used 15598K, committed 16000K, reserved 1048576K
}
Event: 58.148 GC heap before
{Heap before GC invocations=49 (full 0):
 garbage-first heap   total 254976K, used 205824K [0x0000000080000000, 0x0000000100000000)
  region size 1024K, 53 young (54272K), 8 survivors (8192K)
 Metaspace       used 120384K, committed 121216K, reserved 1155072K
  class space    used 15603K, committed 16000K, reserved 1048576K
}
Event: 58.156 GC heap after
{Heap after GC invocations=50 (full 0):
 garbage-first heap   total 254976K, used 168109K [0x0000000080000000, 0x0000000100000000)
  region size 1024K, 7 young (7168K), 7 survivors (7168K)
 Metaspace       used 120384K, committed 121216K, reserved 1155072K
  class space    used 15603K, committed 16000K, reserved 1048576K
}
Event: 58.575 GC heap before
{Heap before GC invocations=50 (full 0):
 garbage-first heap   total 254976K, used 208045K [0x0000000080000000, 0x0000000100000000)
  region size 1024K, 46 young (47104K), 7 survivors (7168K)
 Metaspace       used 120820K, committed 121664K, reserved 1155072K
  class space    used 15621K, committed 16000K, reserved 1048576K
}
Event: 58.581 GC heap after
{Heap after GC invocations=51 (full 0):
 garbage-first heap   total 254976K, used 173125K [0x0000000080000000, 0x0000000100000000)
  region size 1024K, 5 young (5120K), 5 survivors (5120K)
 Metaspace       used 120820K, committed 121664K, reserved 1155072K
  class space    used 15621K, committed 16000K, reserved 1048576K
}
Event: 58.825 GC heap before
{Heap before GC invocations=52 (full 0):
 garbage-first heap   total 307200K, used 207941K [0x0000000080000000, 0x0000000100000000)
  region size 1024K, 41 young (41984K), 5 survivors (5120K)
 Metaspace       used 121899K, committed 122752K, reserved 1163264K
  class space    used 15784K, committed 16192K, reserved 1048576K
}
Event: 58.830 GC heap after
{Heap after GC invocations=53 (full 0):
 garbage-first heap   total 307200K, used 170415K [0x0000000080000000, 0x0000000100000000)
  region size 1024K, 4 young (4096K), 4 survivors (4096K)
 Metaspace       used 121899K, committed 122752K, reserved 1163264K
  class space    used 15784K, committed 16192K, reserved 1048576K
}
Event: 58.836 GC heap before
{Heap before GC invocations=53 (full 0):
 garbage-first heap   total 307200K, used 180655K [0x0000000080000000, 0x0000000100000000)
  region size 1024K, 15 young (15360K), 4 survivors (4096K)
 Metaspace       used 121912K, committed 122752K, reserved 1163264K
  class space    used 15785K, committed 16192K, reserved 1048576K
}

