# JRE version: OpenJDK Runtime Environment (17.0.6) (build 17.0.6+0-b2043.56-9586694)
# Java VM: OpenJDK 64-Bit Server VM (17.0.6+0-b2043.56-9586694, mixed mode, tiered, compressed oops, compressed class ptrs, g1 gc, windows-amd64)
GC Precious Log:
 CPUs: 8 total, 8 available
 Memory: 7888M
 Large Page Support: Disabled
 NUMA Support: Disabled
 Compressed Oops: Enabled (32-bit)
 Heap Region Size: 1M
 Heap Min Capacity: 8M
 Heap Initial Capacity: 124M
 Heap Max Capacity: 2G
 Pre-touch: Disabled
 Parallel Workers: 8
 Concurrent Workers: 2
 Concurrent Refinement Workers: 8
 Periodic GC: Disabled
Heap:
 garbage-first heap   total 256000K, used 131780K [0x0000000080000000, 0x0000000100000000)
  region size 1024K, 3 young (3072K), 3 survivors (3072K)
 Metaspace       used 137576K, committed 138432K, reserved 1171456K
  class space    used 18271K, committed 18688K, reserved 1048576K
GC Heap History (20 events):
Event: 2884.860 GC heap after
{Heap after GC invocations=45 (full 0):
 garbage-first heap   total 244736K, used 124829K [0x0000000080000000, 0x0000000100000000)
  region size 1024K, 7 young (7168K), 7 survivors (7168K)
 Metaspace       used 133549K, committed 134336K, reserved 1171456K
  class space    used 17948K, committed 18304K, reserved 1048576K
}
Event: 2885.882 GC heap before
{Heap before GC invocations=46 (full 0):
 garbage-first heap   total 244736K, used 203677K [0x0000000080000000, 0x0000000100000000)
  region size 1024K, 83 young (84992K), 7 survivors (7168K)
 Metaspace       used 134334K, committed 135104K, reserved 1171456K
  class space    used 17974K, committed 18304K, reserved 1048576K
}
Event: 2885.889 GC heap after
{Heap after GC invocations=47 (full 0):
 garbage-first heap   total 244736K, used 128830K [0x0000000080000000, 0x0000000100000000)
  region size 1024K, 7 young (7168K), 7 survivors (7168K)
 Metaspace       used 134334K, committed 135104K, reserved 1171456K
  class space    used 17974K, committed 18304K, reserved 1048576K
}
Event: 2885.900 GC heap before
{Heap before GC invocations=47 (full 0):
 garbage-first heap   total 244736K, used 132926K [0x0000000080000000, 0x0000000100000000)
  region size 1024K, 11 young (11264K), 7 survivors (7168K)
 Metaspace       used 134378K, committed 135104K, reserved 1171456K
  class space    used 17980K, committed 18304K, reserved 1048576K
}
Event: 2885.928 GC heap after
{Heap after GC invocations=48 (full 0):
 garbage-first heap   total 244736K, used 117722K [0x0000000080000000, 0x0000000100000000)
  region size 1024K, 2 young (2048K), 2 survivors (2048K)
 Metaspace       used 134378K, committed 135104K, reserved 1171456K
  class space    used 17980K, committed 18304K, reserved 1048576K
}
Event: 2887.141 GC heap before
{Heap before GC invocations=48 (full 0):
 garbage-first heap   total 244736K, used 179162K [0x0000000080000000, 0x0000000100000000)
  region size 1024K, 64 young (65536K), 2 survivors (2048K)
 Metaspace       used 136213K, committed 137024K, reserved 1171456K
  class space    used 18192K, committed 18560K, reserved 1048576K
}
Event: 2887.143 GC heap after
{Heap after GC invocations=49 (full 0):
 garbage-first heap   total 244736K, used 118075K [0x0000000080000000, 0x0000000100000000)
  region size 1024K, 2 young (2048K), 2 survivors (2048K)
 Metaspace       used 136213K, committed 137024K, reserved 1171456K
  class space    used 18192K, committed 18560K, reserved 1048576K
}
Event: 2929.373 GC heap before
{Heap before GC invocations=50 (full 0):
 garbage-first heap   total 244736K, used 229691K [0x0000000080000000, 0x0000000100000000)
  region size 1024K, 88 young (90112K), 2 survivors (2048K)
 Metaspace       used 136700K, committed 137472K, reserved 1171456K
  class space    used 18226K, committed 18560K, reserved 1048576K
}
Event: 2929.388 GC heap after
{Heap after GC invocations=51 (full 0):
 garbage-first heap   total 245760K, used 133295K [0x0000000080000000, 0x0000000100000000)
  region size 1024K, 11 young (11264K), 11 survivors (11264K)
 Metaspace       used 136700K, committed 137472K, reserved 1171456K
  class space    used 18226K, committed 18560K, reserved 1048576K
}
Event: 2929.414 GC heap before
{Heap before GC invocations=51 (full 0):
 garbage-first heap   total 245760K, used 134319K [0x0000000080000000, 0x0000000100000000)
  region size 1024K, 12 young (12288K), 11 survivors (11264K)
 Metaspace       used 136700K, committed 137472K, reserved 1171456K
  class space    used 18226K, committed 18560K, reserved 1048576K
}
Event: 2929.425 GC heap after
{Heap after GC invocations=52 (full 0):
 garbage-first heap   total 245760K, used 132810K [0x0000000080000000, 0x0000000100000000)
  region size 1024K, 1 young (1024K), 1 survivors (1024K)
 Metaspace       used 136700K, committed 137472K, reserved 1171456K
  class space    used 18226K, committed 18560K, reserved 1048576K
}
Event: 2930.282 GC heap before
{Heap before GC invocations=52 (full 0):
 garbage-first heap   total 245760K, used 200394K [0x0000000080000000, 0x0000000100000000)
  region size 1024K, 68 young (69632K), 1 survivors (1024K)
 Metaspace       used 137044K, committed 137856K, reserved 1171456K
  class space    used 18239K, committed 18624K, reserved 1048576K
}
Event: 2930.290 GC heap after
{Heap after GC invocations=53 (full 0):
 garbage-first heap   total 245760K, used 140921K [0x0000000080000000, 0x0000000100000000)
  region size 1024K, 9 young (9216K), 9 survivors (9216K)
 Metaspace       used 137044K, committed 137856K, reserved 1171456K
  class space    used 18239K, committed 18624K, reserved 1048576K
}
Event: 3295.656 GC heap before
{Heap before GC invocations=54 (full 0):
 garbage-first heap   total 256000K, used 218745K [0x0000000080000000, 0x0000000100000000)
  region size 1024K, 66 young (67584K), 9 survivors (9216K)
 Metaspace       used 137351K, committed 138176K, reserved 1171456K
  class space    used 18246K, committed 18624K, reserved 1048576K
}
Event: 3295.699 GC heap after
{Heap after GC invocations=55 (full 0):
 garbage-first heap   total 256000K, used 142798K [0x0000000080000000, 0x0000000100000000)
  region size 1024K, 4 young (4096K), 4 survivors (4096K)
 Metaspace       used 137351K, committed 138176K, reserved 1171456K
  class space    used 18246K, committed 18624K, reserved 1048576K
}
Event: 3295.829 GC heap before
{Heap before GC invocations=55 (full 0):
 garbage-first heap   total 256000K, used 150990K [0x0000000080000000, 0x0000000100000000)
  region size 1024K, 12 young (12288K), 4 survivors (4096K)
 Metaspace       used 137478K, committed 138304K, reserved 1171456K
  class space    used 18262K, committed 18624K, reserved 1048576K
}
Event: 3295.872 GC heap after
{Heap after GC invocations=56 (full 0):
 garbage-first heap   total 256000K, used 129701K [0x0000000080000000, 0x0000000100000000)
  region size 1024K, 2 young (2048K), 2 survivors (2048K)
 Metaspace       used 137478K, committed 138304K, reserved 1171456K
  class space    used 18262K, committed 18624K, reserved 1048576K
}
Event: 3296.160 GC heap before
{Heap before GC invocations=56 (full 0):
 garbage-first heap   total 256000K, used 139941K [0x0000000080000000, 0x0000000100000000)
  region size 1024K, 12 young (12288K), 2 survivors (2048K)
 Metaspace       used 137543K, committed 138432K, reserved 1171456K
  class space    used 18268K, committed 18688K, reserved 1048576K
}
Event: 3296.175 GC heap after
{Heap after GC invocations=57 (full 0):
 garbage-first heap   total 256000K, used 131354K [0x0000000080000000, 0x0000000100000000)
  region size 1024K, 2 young (2048K), 2 survivors (2048K)
 Metaspace       used 137543K, committed 138432K, reserved 1171456K
  class space    used 18268K, committed 18688K, reserved 1048576K
}
Event: 3296.241 GC heap before
{Heap before GC invocations=57 (full 0):
 garbage-first heap   total 256000K, used 139546K [0x0000000080000000, 0x0000000100000000)
  region size 1024K, 11 young (11264K), 2 survivors (2048K)
 Metaspace       used 137576K, committed 138432K, reserved 1171456K
  class space    used 18271K, committed 18688K, reserved 1048576K
}

